app/build/outputs/logs/manifest-merger-debug-report.txt
-- Merging decision tree log ---
manifest
ADDED from src/main/AndroidManifest.xml:2:1-185:12
	package
		ADDED from src/main/AndroidManifest.xml:4:5-31
		INJECTED from src/main/AndroidManifest.xml
		INJECTED from src/main/AndroidManifest.xml
	android:versionName
		INJECTED from src/main/AndroidManifest.xml
		INJECTED from src/main/AndroidManifest.xml
	xmlns:tools
		ADDED from src/main/AndroidManifest.xml:3:5-51
	xmlns:android
		ADDED from src/main/AndroidManifest.xml:2:11-69
	android:versionCode
		INJECTED from src/main/AndroidManifest.xml
		INJECTED from src/main/AndroidManifest.xml
uses-feature#android.hardware.camera
ADDED from src/main/AndroidManifest.xml:6:5-60
	android:name
		ADDED from src/main/AndroidManifest.xml:6:19-57
uses-feature#android.hardware.camera.autofocus
ADDED from src/main/AndroidManifest.xml:7:5-70
	android:name
		ADDED from src/main/AndroidManifest.xml:7:19-67
uses-permission#android.permission.INTERNET
ADDED from src/main/AndroidManifest.xml:9:5-67
	android:name
		ADDED from src/main/AndroidManifest.xml:9:22-64
uses-permission#android.permission.ACCESS_NETWORK_STATE
ADDED from src/main/AndroidManifest.xml:10:5-79
	android:name
		ADDED from src/main/AndroidManifest.xml:10:22-76
uses-permission#android.permission.WRITE_EXTERNAL_STORAGE
ADDED from src/main/AndroidManifest.xml:11:5-81
	android:name
		ADDED from src/main/AndroidManifest.xml:11:22-78
uses-permission#android.permission.MOUNT_UNMOUNT_FILESYSTEMS
ADDED from src/main/AndroidManifest.xml:12:5-84
	android:name
		ADDED from src/main/AndroidManifest.xml:12:22-81
uses-permission#android.permission.READ_PHONE_STATE
ADDED from src/main/AndroidManifest.xml:15:5-75
	android:name
		ADDED from src/main/AndroidManifest.xml:15:22-72
uses-permission#android.permission.ACCESS_WIFI_STATE
ADDED from src/main/AndroidManifest.xml:16:5-76
	android:name
		ADDED from src/main/AndroidManifest.xml:16:22-73
uses-permission#android.permission.VIBRATE
ADDED from src/main/AndroidManifest.xml:17:5-66
	android:name
		ADDED from src/main/AndroidManifest.xml:17:22-63
uses-permission#android.permission.CAMERA
ADDED from src/main/AndroidManifest.xml:18:5-65
	android:name
		ADDED from src/main/AndroidManifest.xml:18:22-62
uses-permission#android.permission.WAKE_LOCK
ADDED from src/main/AndroidManifest.xml:19:5-68
	android:name
		ADDED from src/main/AndroidManifest.xml:19:22-65
uses-permission#com.android.launcher.permission.READ_SETTINGS
ADDED from src/main/AndroidManifest.xml:20:5-85
	android:name
		ADDED from src/main/AndroidManifest.xml:20:22-82
uses-permission#android.permission.SYSTEM_ALERT_WINDOW
ADDED from src/main/AndroidManifest.xml:22:5-78
	android:name
		ADDED from src/main/AndroidManifest.xml:22:22-75
uses-permission#android.permission.CHANGE_WIFI_MULTICAST_STATE
ADDED from src/main/AndroidManifest.xml:25:5-86
	android:name
		ADDED from src/main/AndroidManifest.xml:25:22-83
uses-permission#android.permission.ACCESS_FINE_LOCATION
ADDED from src/main/AndroidManifest.xml:26:5-79
	android:name
		ADDED from src/main/AndroidManifest.xml:26:22-76
uses-permission#android.permission.ACCESS_COARSE_LOCATION
ADDED from src/main/AndroidManifest.xml:27:5-81
	android:name
		ADDED from src/main/AndroidManifest.xml:27:22-78
uses-permission#android.permission.GET_TASKS
ADDED from src/main/AndroidManifest.xml:28:5-68
	android:name
		ADDED from src/main/AndroidManifest.xml:28:22-65
application
ADDED from src/main/AndroidManifest.xml:30:5-183:19
MERGED from [com.android.support:appcompat-v7:23.1.1] AndroidManifest.xml:22:5-20
MERGED from [com.android.support:support-v4:23.1.1] AndroidManifest.xml:22:5-20
MERGED from [Jiaoyu:youkuPlayerOpenSDK:unspecified] AndroidManifest.xml:11:5-14:19
MERGED from [com.android.support:support-v4:23.1.1] AndroidManifest.xml:22:5-20
MERGED from [com.jiechic.library:xUtils:2.6.14] AndroidManifest.xml:11:5-20
	android:label
		ADDED from src/main/AndroidManifest.xml:34:9-41
	android:supportsRtl
		ADDED from src/main/AndroidManifest.xml:35:9-35
	android:allowBackup
		ADDED from src/main/AndroidManifest.xml:32:9-35
	android:icon
		ADDED from src/main/AndroidManifest.xml:33:9-43
	android:theme
		ADDED from src/main/AndroidManifest.xml:36:9-40
	tools:replace
		ADDED from src/main/AndroidManifest.xml:37:9-37
	android:name
		ADDED from src/main/AndroidManifest.xml:31:9-45
activity#com.taoy3.jiaoyu.ui.activity.MainActivity
ADDED from src/main/AndroidManifest.xml:38:9-40:52
	android:screenOrientation
		ADDED from src/main/AndroidManifest.xml:40:13-49
	android:name
		ADDED from src/main/AndroidManifest.xml:39:13-53
activity#com.taoy3.jiaoyu.ui.activity.GuidanceDetailActivity
ADDED from src/main/AndroidManifest.xml:47:9-52:52
	android:screenOrientation
		ADDED from src/main/AndroidManifest.xml:52:13-49
	android:launchMode
		ADDED from src/main/AndroidManifest.xml:51:13-44
	android:exported
		ADDED from src/main/AndroidManifest.xml:50:13-36
	android:configChanges
		ADDED from src/main/AndroidManifest.xml:49:13-74
	android:name
		ADDED from src/main/AndroidManifest.xml:48:13-63
activity#com.taoy3.jiaoyu.ui.activity.OnlineLearn
ADDED from src/main/AndroidManifest.xml:59:9-61:52
	android:screenOrientation
		ADDED from src/main/AndroidManifest.xml:61:13-49
	android:name
		ADDED from src/main/AndroidManifest.xml:60:13-52
activity#com.taoy3.jiaoyu.ui.activity.Material
ADDED from src/main/AndroidManifest.xml:62:9-64:52
	android:screenOrientation
		ADDED from src/main/AndroidManifest.xml:64:13-49
	android:name
		ADDED from src/main/AndroidManifest.xml:63:13-49
activity#com.taoy3.jiaoyu.ui.activity.PictureActivity
ADDED from src/main/AndroidManifest.xml:65:9-67:52
	android:screenOrientation
		ADDED from src/main/AndroidManifest.xml:67:13-49
	android:name
		ADDED from src/main/AndroidManifest.xml:66:13-56
activity#com.taoy3.jiaoyu.ui.activity.Attendance
ADDED from src/main/AndroidManifest.xml:68:9-70:52
	android:screenOrientation
		ADDED from src/main/AndroidManifest.xml:70:13-49
	android:name
		ADDED from src/main/AndroidManifest.xml:69:13-51
activity#com.taoy3.jiaoyu.ui.activity.HealthManage
ADDED from src/main/AndroidManifest.xml:71:9-73:52
	android:screenOrientation
		ADDED from src/main/AndroidManifest.xml:73:13-49
	android:name
		ADDED from src/main/AndroidManifest.xml:72:13-53
activity#com.taoy3.jiaoyu.ui.activity.HealthDetailActivity
ADDED from src/main/AndroidManifest.xml:74:9-76:52
	android:screenOrientation
		ADDED from src/main/AndroidManifest.xml:76:13-49
	android:name
		ADDED from src/main/AndroidManifest.xml:75:13-61
activity#com.taoy3.jiaoyu.ui.activity.LoginActivity
ADDED from src/main/AndroidManifest.xml:77:9-85:20
	android:screenOrientation
		ADDED from src/main/AndroidManifest.xml:79:13-49
	android:name
		ADDED from src/main/AndroidManifest.xml:78:13-54
intent-filter#android.intent.action.MAIN+android.intent.category.LAUNCHER
ADDED from src/main/AndroidManifest.xml:80:13-84:29
action#android.intent.action.MAIN
ADDED from src/main/AndroidManifest.xml:81:17-69
	android:name
		ADDED from src/main/AndroidManifest.xml:81:25-66
category#android.intent.category.LAUNCHER
ADDED from src/main/AndroidManifest.xml:83:17-77
	android:name
		ADDED from src/main/AndroidManifest.xml:83:27-74
activity#com.taoy3.jiaoyu.ui.activity.LearnDetail
ADDED from src/main/AndroidManifest.xml:86:9-92:20
	android:screenOrientation
		ADDED from src/main/AndroidManifest.xml:91:13-49
	android:launchMode
		ADDED from src/main/AndroidManifest.xml:90:13-44
	android:exported
		ADDED from src/main/AndroidManifest.xml:89:13-36
	android:configChanges
		ADDED from src/main/AndroidManifest.xml:88:13-74
	android:name
		ADDED from src/main/AndroidManifest.xml:87:13-52
activity#com.taoy3.jiaoyu.ui.activity.RegisterActivity
ADDED from src/main/AndroidManifest.xml:93:9-95:52
	android:screenOrientation
		ADDED from src/main/AndroidManifest.xml:95:13-49
	android:name
		ADDED from src/main/AndroidManifest.xml:94:13-57
activity#com.taoy3.jiaoyu.ui.activity.Feedback
ADDED from src/main/AndroidManifest.xml:96:9-98:52
	android:screenOrientation
		ADDED from src/main/AndroidManifest.xml:98:13-49
	android:name
		ADDED from src/main/AndroidManifest.xml:97:13-49
activity#com.taoy3.jiaoyu.ui.activity.TeachPlan
ADDED from src/main/AndroidManifest.xml:101:9-103:52
	android:screenOrientation
		ADDED from src/main/AndroidManifest.xml:103:13-49
	android:name
		ADDED from src/main/AndroidManifest.xml:102:13-50
activity#com.taoy3.jiaoyu.ui.activity.TeachPlanProgress
ADDED from src/main/AndroidManifest.xml:104:9-106:52
	android:screenOrientation
		ADDED from src/main/AndroidManifest.xml:106:13-49
	android:name
		ADDED from src/main/AndroidManifest.xml:105:13-58
activity#com.taoy3.jiaoyu.ui.activity.TeachPlanModList
ADDED from src/main/AndroidManifest.xml:107:9-109:52
	android:screenOrientation
		ADDED from src/main/AndroidManifest.xml:109:13-49
	android:name
		ADDED from src/main/AndroidManifest.xml:108:13-57
activity#com.taoy3.jiaoyu.ui.activity.TeachPlanCreate
ADDED from src/main/AndroidManifest.xml:110:9-112:52
	android:screenOrientation
		ADDED from src/main/AndroidManifest.xml:112:13-49
	android:name
		ADDED from src/main/AndroidManifest.xml:111:13-56
activity#com.taoy3.jiaoyu.ui.activity.TeachPlanModify
ADDED from src/main/AndroidManifest.xml:113:9-115:52
	android:screenOrientation
		ADDED from src/main/AndroidManifest.xml:115:13-49
	android:name
		ADDED from src/main/AndroidManifest.xml:114:13-56
activity#com.taoy3.jiaoyu.ui.activity.DownloadManager
ADDED from src/main/AndroidManifest.xml:116:9-118:52
	android:screenOrientation
		ADDED from src/main/AndroidManifest.xml:118:13-49
	android:name
		ADDED from src/main/AndroidManifest.xml:117:13-56
service#com.youku.service.download.DownloadService
ADDED from src/main/AndroidManifest.xml:121:9-128:19
	android:process
		ADDED from src/main/AndroidManifest.xml:124:13-40
	android:label
		ADDED from src/main/AndroidManifest.xml:123:13-51
	android:name
		ADDED from src/main/AndroidManifest.xml:122:13-70
service#com.youku.service.acc.AcceleraterService
ADDED from src/main/AndroidManifest.xml:129:9-135:19
	android:process
		ADDED from src/main/AndroidManifest.xml:131:13-43
	android:name
		ADDED from src/main/AndroidManifest.xml:130:13-68
meta-data#client_id
ADDED from src/main/AndroidManifest.xml:138:9-140:48
	android:value
		ADDED from src/main/AndroidManifest.xml:140:13-45
	android:name
		ADDED from src/main/AndroidManifest.xml:139:13-37
meta-data#client_secret
ADDED from src/main/AndroidManifest.xml:141:9-143:64
	android:value
		ADDED from src/main/AndroidManifest.xml:143:13-61
	android:name
		ADDED from src/main/AndroidManifest.xml:142:13-41
activity#com.taoy3.jiaoyu.ui.activity.Guidance
ADDED from src/main/AndroidManifest.xml:145:9-147:52
	android:screenOrientation
		ADDED from src/main/AndroidManifest.xml:147:13-49
	android:name
		ADDED from src/main/AndroidManifest.xml:146:13-49
activity#com.taoy3.jiaoyu.ui.activity.MaterialSearch
ADDED from src/main/AndroidManifest.xml:148:9-150:52
	android:screenOrientation
		ADDED from src/main/AndroidManifest.xml:150:13-49
	android:name
		ADDED from src/main/AndroidManifest.xml:149:13-55
activity#com.taoy3.jiaoyu.ui.activity.ResetPasswordActivity
ADDED from src/main/AndroidManifest.xml:151:9-153:52
	android:screenOrientation
		ADDED from src/main/AndroidManifest.xml:153:13-49
	android:name
		ADDED from src/main/AndroidManifest.xml:152:13-62
activity#com.taoy3.jiaoyu.ui.activity.AccountActivity
ADDED from src/main/AndroidManifest.xml:154:9-156:52
	android:screenOrientation
		ADDED from src/main/AndroidManifest.xml:156:13-49
	android:name
		ADDED from src/main/AndroidManifest.xml:155:13-56
activity#com.taoy3.jiaoyu.ui.activity.SettingActivity
ADDED from src/main/AndroidManifest.xml:157:9-159:52
	android:screenOrientation
		ADDED from src/main/AndroidManifest.xml:159:13-49
	android:name
		ADDED from src/main/AndroidManifest.xml:158:13-56
activity#com.taoy3.jiaoyu.ui.activity.ModifyPasswordActivity
ADDED from src/main/AndroidManifest.xml:160:9-162:52
	android:screenOrientation
		ADDED from src/main/AndroidManifest.xml:162:13-49
	android:name
		ADDED from src/main/AndroidManifest.xml:161:13-63
activity#com.taoy3.jiaoyu.ui.activity.AvatarPickingActivity
ADDED from src/main/AndroidManifest.xml:163:9-165:52
	android:screenOrientation
		ADDED from src/main/AndroidManifest.xml:165:13-49
	android:name
		ADDED from src/main/AndroidManifest.xml:164:13-62
activity#com.taoy3.jiaoyu.ui.activity.UserinfoActivity
ADDED from src/main/AndroidManifest.xml:166:9-66
	android:name
		ADDED from src/main/AndroidManifest.xml:166:19-63
activity#com.taoy3.jiaoyu.ui.activity.ParentsTip
ADDED from src/main/AndroidManifest.xml:167:9-60
	android:name
		ADDED from src/main/AndroidManifest.xml:167:19-57
activity#com.taoy3.jiaoyu.ui.activity.LeaveManageAt
ADDED from src/main/AndroidManifest.xml:168:9-63
	android:name
		ADDED from src/main/AndroidManifest.xml:168:19-60
activity#com.taoy3.jiaoyu.ui.activity.MedicineTipAt
ADDED from src/main/AndroidManifest.xml:169:9-63
	android:name
		ADDED from src/main/AndroidManifest.xml:169:19-60
activity#com.taoy3.jiaoyu.ui.activity.OtherTipAt
ADDED from src/main/AndroidManifest.xml:170:9-60
	android:name
		ADDED from src/main/AndroidManifest.xml:170:19-57
activity#com.taoy3.jiaoyu.ui.activity.MedicineTipDetailAt
ADDED from src/main/AndroidManifest.xml:171:9-69
	android:name
		ADDED from src/main/AndroidManifest.xml:171:19-66
activity#com.taoy3.jiaoyu.ui.activity.ProfileActivity
ADDED from src/main/AndroidManifest.xml:173:9-65
	android:name
		ADDED from src/main/AndroidManifest.xml:173:19-62
activity#com.taoy3.jiaoyu.ui.activity.ChildinfoActivity
ADDED from src/main/AndroidManifest.xml:174:9-67
	android:name
		ADDED from src/main/AndroidManifest.xml:174:19-64
activity#com.taoy3.jiaoyu.ui.activity.PublishDynamicFmActivity
ADDED from src/main/AndroidManifest.xml:175:9-74
	android:name
		ADDED from src/main/AndroidManifest.xml:175:19-71
activity#com.taoy3.jiaoyu.ui.activity.ReplyParentsActivity
ADDED from src/main/AndroidManifest.xml:176:9-70
	android:name
		ADDED from src/main/AndroidManifest.xml:176:19-67
activity#com.taoy3.jiaoyu.ui.activity.GrowthRecordActivity
ADDED from src/main/AndroidManifest.xml:178:9-70
	android:name
		ADDED from src/main/AndroidManifest.xml:178:19-67
activity#com.taoy3.jiaoyu.logic.ImgsActivity
ADDED from src/main/AndroidManifest.xml:179:9-56
	android:name
		ADDED from src/main/AndroidManifest.xml:179:19-53
activity#com.taoy3.jiaoyu.logic.ImgFileListActivity
ADDED from src/main/AndroidManifest.xml:180:9-63
	android:name
		ADDED from src/main/AndroidManifest.xml:180:19-60
activity#com.taoy3.jiaoyu.base.BaseWebActivity
ADDED from src/main/AndroidManifest.xml:181:9-58
	android:name
		ADDED from src/main/AndroidManifest.xml:181:19-55
activity#com.taoy3.jiaoyu.ui.activity.SelActivity
ADDED from src/main/AndroidManifest.xml:182:9-70
	android:name
		ADDED from src/main/AndroidManifest.xml:182:19-58
uses-sdk
INJECTED from src/main/AndroidManifest.xml reason: use-sdk injection requested
MERGED from [com.android.support:multidex:1.0.1] AndroidManifest.xml:18:5-42
MERGED from [com.android.support:appcompat-v7:23.1.1] AndroidManifest.xml:20:5-43
MERGED from [com.android.support:support-v4:23.1.1] AndroidManifest.xml:20:5-43
MERGED from [:logger:] AndroidManifest.xml:6:5-8:41
MERGED from [:glide:] AndroidManifest.xml:8:5-10:41
MERGED from [Jiaoyu:youkuPlayerOpenSDK:unspecified] AndroidManifest.xml:7:5-9:41
MERGED from [com.android.support:support-v4:23.1.1] AndroidManifest.xml:20:5-43
MERGED from [com.jiechic.library:xUtils:2.6.14] AndroidManifest.xml:7:5-9:41
	android:targetSdkVersion
		INJECTED from src/main/AndroidManifest.xml
		INJECTED from src/main/AndroidManifest.xml
	android:minSdkVersion
		INJECTED from src/main/AndroidManifest.xml
		INJECTED from src/main/AndroidManifest.xml